<persistence xmlns="http://java.sun.com/xml/ns/persistence"
	xmlns:xsi="http://www.w3.org/2001/XMLSchema-instance"
	xsi:schemaLocation="http://java.sun.com/xml/ns/persistence http://java.sun.com/xml/ns/persistence/persistence_2_0.xsd"
	version="2.0">
	<persistence-unit name="cohort" transaction-type="RESOURCE_LOCAL">
		<properties>
            <!-- <property name="hibernate.dialect" value="org.hibernate.dialect.HSQLDialect" /> -->
            <!-- <property name="javax.persistence.jdbc.driver" value="org.hsqldb.jdbcDriver" /> -->
            <!-- <property name="javax.persistence.jdbc.url" value="jdbc:hsqldb:." /> -->
            
            <property name="hibernate.hbm2ddl.auto" value="create-drop" />
            <property name="javax.persistence.jdbc.user" value="sa" />
            <property name="javax.persistence.jdbc.password" value="" />
            <property name="hibernate.show_sql" value="true" />
            <property name="hibernate.connection.autocommit" value="false"/>
            <property name="hibernate.c3p0.min_size" value="2"/>
            <property name="hibernate.c3p0.max_size" value="10"/>
            <property name="hibernate.c3p0.timeout" value="1800"/>
            <property name="hibernate.connection.provider_class" value="org.hibernate.connection.C3P0ConnectionProvider"/>
            
            <!-- <property name="hibernate.dialect" value="org.hibernate.dialect.H2Dialect" /> -->
            <property name="javax.persistence.jdbc.driver" value="org.h2.Driver" /> 
            <property name="javax.persistence.jdbc.url" value="jdbc:h2:mem:test;DB_CLOSE_DELAY=-1" />
        </properties>
	</persistence-unit>
</persistence>